[1011/143759.490:WARNING:dns_config_service_win.cc(668)] Failed to read DnsConfig.
[1011/153612.971:INFO:CONSOLE(1)] "Long rAF frame-time", source: file:///C:/Program%20Files/Adobe/Adobe%20Photoshop%202020/Required/www-rich-tooltips/build/external.js (1)
[1011/153650.108:WARNING:angle_platform_impl.cc(52)] compileToBinary(230): 
C:\fakepath(69,8-58): warning X3571: pow(f, e) will not work for negative f, use abs(f) or conditionally handle negative values if you expect them
C:\fakepath(77,9-43): warning X3571: pow(f, e) will not work for negative f, use abs(f) or conditionally handle negative values if you expect them

[1014/183855.747:INFO:CONSOLE(1)] "Long rAF frame-time", source: file:///C:/Program%20Files/Adobe/Adobe%20Photoshop%202020/Required/www-rich-tooltips/build/external.js (1)
[1014/200111.041:WARNING:angle_platform_impl.cc(52)] compileToBinary(230): 
C:\fakepath(69,8-58): warning X3571: pow(f, e) will not work for negative f, use abs(f) or conditionally handle negative values if you expect them
C:\fakepath(77,9-43): warning X3571: pow(f, e) will not work for negative f, use abs(f) or conditionally handle negative values if you expect them

[1017/143628.467:WARNING:dns_config_service_win.cc(668)] Failed to read DnsConfig.
[1017/143634.599:WARNING:dns_config_service_win.cc(668)] Failed to read DnsConfig.
[1017/143639.637:WARNING:dns_config_service_win.cc(668)] Failed to read DnsConfig.
[1017/143644.664:WARNING:dns_config_service_win.cc(668)] Failed to read DnsConfig.
[1017/143649.700:WARNING:dns_config_service_win.cc(668)] Failed to read DnsConfig.
[1017/143654.714:WARNING:dns_config_service_win.cc(668)] Failed to read DnsConfig.
[1017/143659.730:WARNING:dns_config_service_win.cc(668)] Failed to read DnsConfig.
[1017/143704.754:WARNING:dns_config_service_win.cc(668)] Failed to read DnsConfig.
[1017/143709.779:WARNING:dns_config_service_win.cc(668)] Failed to read DnsConfig.
[1017/143714.804:WARNING:dns_config_service_win.cc(668)] Failed to read DnsConfig.
[1017/143719.821:WARNING:dns_config_service_win.cc(668)] Failed to read DnsConfig.
[1017/143724.842:WARNING:dns_config_service_win.cc(668)] Failed to read DnsConfig.
[1017/143729.867:WARNING:dns_config_service_win.cc(668)] Failed to read DnsConfig.
[1017/143734.891:WARNING:dns_config_service_win.cc(668)] Failed to read DnsConfig.
[1017/143739.917:WARNING:dns_config_service_win.cc(668)] Failed to read DnsConfig.
[1017/143744.930:WARNING:dns_config_service_win.cc(668)] Failed to read DnsConfig.
[1017/143749.954:WARNING:dns_config_service_win.cc(668)] Failed to read DnsConfig.
[1017/143754.980:WARNING:dns_config_service_win.cc(668)] Failed to read DnsConfig.
[1017/143800.008:WARNING:dns_config_service_win.cc(668)] Failed to read DnsConfig.
[1017/143805.020:WARNING:dns_config_service_win.cc(668)] Failed to read DnsConfig.
[1017/143810.043:WARNING:dns_config_service_win.cc(668)] Failed to read DnsConfig.
[1017/143815.066:WARNING:dns_config_service_win.cc(668)] Failed to read DnsConfig.
[1017/143820.078:WARNING:dns_config_service_win.cc(668)] Failed to read DnsConfig.
[1017/143825.097:WARNING:dns_config_service_win.cc(668)] Failed to read DnsConfig.
[1017/143830.134:WARNING:dns_config_service_win.cc(668)] Failed to read DnsConfig.
[1017/143835.151:WARNING:dns_config_service_win.cc(668)] Failed to read DnsConfig.
[1017/143840.176:WARNING:dns_config_service_win.cc(668)] Failed to read DnsConfig.
[1017/143845.213:WARNING:dns_config_service_win.cc(668)] Failed to read DnsConfig.
[1017/143850.229:WARNING:dns_config_service_win.cc(668)] Failed to read DnsConfig.
[1017/143855.257:WARNING:dns_config_service_win.cc(668)] Failed to read DnsConfig.
[1017/143900.278:WARNING:dns_config_service_win.cc(668)] Failed to read DnsConfig.
[1017/143905.306:WARNING:dns_config_service_win.cc(668)] Failed to read DnsConfig.
[1017/143910.326:WARNING:dns_config_service_win.cc(668)] Failed to read DnsConfig.
[1017/143915.350:WARNING:dns_config_service_win.cc(668)] Failed to read DnsConfig.
[1017/143920.374:WARNING:dns_config_service_win.cc(668)] Failed to read DnsConfig.
[1017/143925.406:WARNING:dns_config_service_win.cc(668)] Failed to read DnsConfig.
[1017/143930.423:WARNING:dns_config_service_win.cc(668)] Failed to read DnsConfig.
[1017/143935.446:WARNING:dns_config_service_win.cc(668)] Failed to read DnsConfig.
[1017/143940.459:WARNING:dns_config_service_win.cc(668)] Failed to read DnsConfig.
[1017/143945.492:WARNING:dns_config_service_win.cc(668)] Failed to read DnsConfig.
[1017/143950.511:WARNING:dns_config_service_win.cc(668)] Failed to read DnsConfig.
[1017/143955.543:WARNING:dns_config_service_win.cc(668)] Failed to read DnsConfig.
[1017/144000.558:WARNING:dns_config_service_win.cc(668)] Failed to read DnsConfig.
[1017/144005.574:WARNING:dns_config_service_win.cc(668)] Failed to read DnsConfig.
[1017/144010.584:WARNING:dns_config_service_win.cc(668)] Failed to read DnsConfig.
[1017/144015.595:WARNING:dns_config_service_win.cc(668)] Failed to read DnsConfig.
[1017/144020.612:WARNING:dns_config_service_win.cc(668)] Failed to read DnsConfig.
[1017/144025.639:WARNING:dns_config_service_win.cc(668)] Failed to read DnsConfig.
[1017/144030.669:WARNING:dns_config_service_win.cc(668)] Failed to read DnsConfig.
[1017/144035.690:WARNING:dns_config_service_win.cc(668)] Failed to read DnsConfig.
[1017/144040.719:WARNING:dns_config_service_win.cc(668)] Failed to read DnsConfig.
[1017/144045.731:WARNING:dns_config_service_win.cc(668)] Failed to read DnsConfig.
[1017/144050.750:WARNING:dns_config_service_win.cc(668)] Failed to read DnsConfig.
[1017/144055.767:WARNING:dns_config_service_win.cc(668)] Failed to read DnsConfig.
[1017/144100.799:WARNING:dns_config_service_win.cc(668)] Failed to read DnsConfig.
[1017/144105.832:WARNING:dns_config_service_win.cc(668)] Failed to read DnsConfig.
[1017/144110.848:WARNING:dns_config_service_win.cc(668)] Failed to read DnsConfig.
[1017/144115.870:WARNING:dns_config_service_win.cc(668)] Failed to read DnsConfig.
[1017/144120.885:WARNING:dns_config_service_win.cc(668)] Failed to read DnsConfig.
[1017/144125.909:WARNING:dns_config_service_win.cc(668)] Failed to read DnsConfig.
[1017/144130.935:WARNING:dns_config_service_win.cc(668)] Failed to read DnsConfig.
[1017/144135.942:WARNING:dns_config_service_win.cc(668)] Failed to read DnsConfig.
[1017/144140.958:WARNING:dns_config_service_win.cc(668)] Failed to read DnsConfig.
[1017/144145.973:WARNING:dns_config_service_win.cc(668)] Failed to read DnsConfig.
[1017/144150.987:WARNING:dns_config_service_win.cc(668)] Failed to read DnsConfig.
[1017/144156.000:WARNING:dns_config_service_win.cc(668)] Failed to read DnsConfig.
[1017/144201.013:WARNING:dns_config_service_win.cc(668)] Failed to read DnsConfig.
[1017/144206.022:WARNING:dns_config_service_win.cc(668)] Failed to read DnsConfig.
[1017/144211.046:WARNING:dns_config_service_win.cc(668)] Failed to read DnsConfig.
[1017/144216.059:WARNING:dns_config_service_win.cc(668)] Failed to read DnsConfig.
[1017/144221.075:WARNING:dns_config_service_win.cc(668)] Failed to read DnsConfig.
[1017/144226.087:WARNING:dns_config_service_win.cc(668)] Failed to read DnsConfig.
[1017/144231.101:WARNING:dns_config_service_win.cc(668)] Failed to read DnsConfig.
[1017/144236.115:WARNING:dns_config_service_win.cc(668)] Failed to read DnsConfig.
[1017/144241.134:WARNING:dns_config_service_win.cc(668)] Failed to read DnsConfig.
[1017/144246.148:WARNING:dns_config_service_win.cc(668)] Failed to read DnsConfig.
[1017/144251.164:WARNING:dns_config_service_win.cc(668)] Failed to read DnsConfig.
[1017/144256.188:WARNING:dns_config_service_win.cc(668)] Failed to read DnsConfig.
[1017/144301.217:WARNING:dns_config_service_win.cc(668)] Failed to read DnsConfig.
[1017/144306.227:WARNING:dns_config_service_win.cc(668)] Failed to read DnsConfig.
[1017/144311.252:WARNING:dns_config_service_win.cc(668)] Failed to read DnsConfig.
[1017/144316.273:WARNING:dns_config_service_win.cc(668)] Failed to read DnsConfig.
[1017/144321.285:WARNING:dns_config_service_win.cc(668)] Failed to read DnsConfig.
[1017/144326.324:WARNING:dns_config_service_win.cc(668)] Failed to read DnsConfig.
[1017/144331.347:WARNING:dns_config_service_win.cc(668)] Failed to read DnsConfig.
[1017/144336.438:WARNING:dns_config_service_win.cc(668)] Failed to read DnsConfig.
[1017/144341.470:WARNING:dns_config_service_win.cc(668)] Failed to read DnsConfig.
[1017/144346.505:WARNING:dns_config_service_win.cc(668)] Failed to read DnsConfig.
[1017/144351.532:WARNING:dns_config_service_win.cc(668)] Failed to read DnsConfig.
[1017/144356.557:WARNING:dns_config_service_win.cc(668)] Failed to read DnsConfig.
[1017/144401.571:WARNING:dns_config_service_win.cc(668)] Failed to read DnsConfig.
[1017/144406.596:WARNING:dns_config_service_win.cc(668)] Failed to read DnsConfig.
[1017/144411.622:WARNING:dns_config_service_win.cc(668)] Failed to read DnsConfig.
[1017/144416.661:WARNING:dns_config_service_win.cc(668)] Failed to read DnsConfig.
[1017/144421.684:WARNING:dns_config_service_win.cc(668)] Failed to read DnsConfig.
[1017/144426.701:WARNING:dns_config_service_win.cc(668)] Failed to read DnsConfig.
[1017/144431.727:WARNING:dns_config_service_win.cc(668)] Failed to read DnsConfig.
[1017/144436.742:WARNING:dns_config_service_win.cc(668)] Failed to read DnsConfig.
[1017/144441.757:WARNING:dns_config_service_win.cc(668)] Failed to read DnsConfig.
[1017/144446.782:WARNING:dns_config_service_win.cc(668)] Failed to read DnsConfig.
[1017/144451.803:WARNING:dns_config_service_win.cc(668)] Failed to read DnsConfig.
[1017/144456.825:WARNING:dns_config_service_win.cc(668)] Failed to read DnsConfig.
[1017/144501.845:WARNING:dns_config_service_win.cc(668)] Failed to read DnsConfig.
[1017/144506.857:WARNING:dns_config_service_win.cc(668)] Failed to read DnsConfig.
[1017/144511.870:WARNING:dns_config_service_win.cc(668)] Failed to read DnsConfig.
[1017/144516.887:WARNING:dns_config_service_win.cc(668)] Failed to read DnsConfig.
[1017/144521.903:WARNING:dns_config_service_win.cc(668)] Failed to read DnsConfig.
[1017/144526.923:WARNING:dns_config_service_win.cc(668)] Failed to read DnsConfig.
[1017/144531.939:WARNING:dns_config_service_win.cc(668)] Failed to read DnsConfig.
[1017/144536.950:WARNING:dns_config_service_win.cc(668)] Failed to read DnsConfig.
[1017/144541.966:WARNING:dns_config_service_win.cc(668)] Failed to read DnsConfig.
[1017/144546.980:WARNING:dns_config_service_win.cc(668)] Failed to read DnsConfig.
[1017/144551.992:WARNING:dns_config_service_win.cc(668)] Failed to read DnsConfig.
[1017/144557.017:WARNING:dns_config_service_win.cc(668)] Failed to read DnsConfig.
[1017/144602.033:WARNING:dns_config_service_win.cc(668)] Failed to read DnsConfig.
[1017/144607.053:WARNING:dns_config_service_win.cc(668)] Failed to read DnsConfig.
[1017/144612.080:WARNING:dns_config_service_win.cc(668)] Failed to read DnsConfig.
[1017/144617.093:WARNING:dns_config_service_win.cc(668)] Failed to read DnsConfig.
[1017/144622.133:WARNING:dns_config_service_win.cc(668)] Failed to read DnsConfig.
[1017/144627.170:WARNING:dns_config_service_win.cc(668)] Failed to read DnsConfig.
[1017/144632.191:WARNING:dns_config_service_win.cc(668)] Failed to read DnsConfig.
[1017/144637.219:WARNING:dns_config_service_win.cc(668)] Failed to read DnsConfig.
[1017/144642.236:WARNING:dns_config_service_win.cc(668)] Failed to read DnsConfig.
[1017/144647.248:WARNING:dns_config_service_win.cc(668)] Failed to read DnsConfig.
[1017/144652.262:WARNING:dns_config_service_win.cc(668)] Failed to read DnsConfig.
[1017/144657.287:WARNING:dns_config_service_win.cc(668)] Failed to read DnsConfig.
[1017/144702.313:WARNING:dns_config_service_win.cc(668)] Failed to read DnsConfig.
[1017/144707.338:WARNING:dns_config_service_win.cc(668)] Failed to read DnsConfig.
[1017/144712.353:WARNING:dns_config_service_win.cc(668)] Failed to read DnsConfig.
[1017/144717.376:WARNING:dns_config_service_win.cc(668)] Failed to read DnsConfig.
[1017/144722.390:WARNING:dns_config_service_win.cc(668)] Failed to read DnsConfig.
[1017/144727.410:WARNING:dns_config_service_win.cc(668)] Failed to read DnsConfig.
[1017/144732.434:WARNING:dns_config_service_win.cc(668)] Failed to read DnsConfig.
[1017/144737.457:WARNING:dns_config_service_win.cc(668)] Failed to read DnsConfig.
[1017/144742.478:WARNING:dns_config_service_win.cc(668)] Failed to read DnsConfig.
[1017/144747.503:WARNING:dns_config_service_win.cc(668)] Failed to read DnsConfig.
[1017/144752.529:WARNING:dns_config_service_win.cc(668)] Failed to read DnsConfig.
[1017/144757.555:WARNING:dns_config_service_win.cc(668)] Failed to read DnsConfig.
[1017/144802.570:WARNING:dns_config_service_win.cc(668)] Failed to read DnsConfig.
[1017/144807.587:WARNING:dns_config_service_win.cc(668)] Failed to read DnsConfig.
[1017/144812.611:WARNING:dns_config_service_win.cc(668)] Failed to read DnsConfig.
[1017/144817.630:WARNING:dns_config_service_win.cc(668)] Failed to read DnsConfig.
[1017/144822.653:WARNING:dns_config_service_win.cc(668)] Failed to read DnsConfig.
[1017/144827.697:WARNING:dns_config_service_win.cc(668)] Failed to read DnsConfig.
[1017/150529.973:INFO:CONSOLE(1)] "Long rAF frame-time", source: file:///C:/Program%20Files/Adobe/Adobe%20Photoshop%202020/Required/www-rich-tooltips/build/external.js (1)
[1017/150557.763:WARNING:angle_platform_impl.cc(52)] compileToBinary(230): 
C:\fakepath(69,8-58): warning X3571: pow(f, e) will not work for negative f, use abs(f) or conditionally handle negative values if you expect them
C:\fakepath(77,9-43): warning X3571: pow(f, e) will not work for negative f, use abs(f) or conditionally handle negative values if you expect them

[1017/161251.099:WARNING:dns_config_service_win.cc(668)] Failed to read DnsConfig.
[1017/161256.115:WARNING:dns_config_service_win.cc(668)] Failed to read DnsConfig.
[1017/161301.127:WARNING:dns_config_service_win.cc(668)] Failed to read DnsConfig.
[1017/161306.146:WARNING:dns_config_service_win.cc(668)] Failed to read DnsConfig.
[1017/161311.176:WARNING:dns_config_service_win.cc(668)] Failed to read DnsConfig.
[1017/161316.212:WARNING:dns_config_service_win.cc(668)] Failed to read DnsConfig.
[1017/161321.233:WARNING:dns_config_service_win.cc(668)] Failed to read DnsConfig.
[1017/161326.248:WARNING:dns_config_service_win.cc(668)] Failed to read DnsConfig.
[1017/161331.271:WARNING:dns_config_service_win.cc(668)] Failed to read DnsConfig.
[1017/161336.285:WARNING:dns_config_service_win.cc(668)] Failed to read DnsConfig.
[1017/161341.290:WARNING:dns_config_service_win.cc(668)] Failed to read DnsConfig.
[1017/161346.320:WARNING:dns_config_service_win.cc(668)] Failed to read DnsConfig.
[1017/161351.332:WARNING:dns_config_service_win.cc(668)] Failed to read DnsConfig.
[1017/161356.356:WARNING:dns_config_service_win.cc(668)] Failed to read DnsConfig.
[1017/161401.380:WARNING:dns_config_service_win.cc(668)] Failed to read DnsConfig.
[1017/161406.394:WARNING:dns_config_service_win.cc(668)] Failed to read DnsConfig.
[1017/161411.416:WARNING:dns_config_service_win.cc(668)] Failed to read DnsConfig.
[1017/161416.433:WARNING:dns_config_service_win.cc(668)] Failed to read DnsConfig.
[1017/161421.445:WARNING:dns_config_service_win.cc(668)] Failed to read DnsConfig.
[1017/161426.459:WARNING:dns_config_service_win.cc(668)] Failed to read DnsConfig.
[1017/161431.483:WARNING:dns_config_service_win.cc(668)] Failed to read DnsConfig.
[1017/161436.499:WARNING:dns_config_service_win.cc(668)] Failed to read DnsConfig.
[1017/161441.505:WARNING:dns_config_service_win.cc(668)] Failed to read DnsConfig.
[1017/161446.529:WARNING:dns_config_service_win.cc(668)] Failed to read DnsConfig.
[1017/161451.550:WARNING:dns_config_service_win.cc(668)] Failed to read DnsConfig.
[1017/161456.578:WARNING:dns_config_service_win.cc(668)] Failed to read DnsConfig.
[1017/161501.601:WARNING:dns_config_service_win.cc(668)] Failed to read DnsConfig.
[1017/161506.627:WARNING:dns_config_service_win.cc(668)] Failed to read DnsConfig.
[1017/161511.661:WARNING:dns_config_service_win.cc(668)] Failed to read DnsConfig.
[1017/161516.688:WARNING:dns_config_service_win.cc(668)] Failed to read DnsConfig.
[1017/161521.700:WARNING:dns_config_service_win.cc(668)] Failed to read DnsConfig.
[1017/161526.740:WARNING:dns_config_service_win.cc(668)] Failed to read DnsConfig.
[1017/161531.768:WARNING:dns_config_service_win.cc(668)] Failed to read DnsConfig.
[1017/161536.846:WARNING:dns_config_service_win.cc(668)] Failed to read DnsConfig.
[1017/161541.868:WARNING:dns_config_service_win.cc(668)] Failed to read DnsConfig.
[1017/161546.886:WARNING:dns_config_service_win.cc(668)] Failed to read DnsConfig.
[1017/161551.897:WARNING:dns_config_service_win.cc(668)] Failed to read DnsConfig.
[1017/161556.925:WARNING:dns_config_service_win.cc(668)] Failed to read DnsConfig.
[1017/161601.962:WARNING:dns_config_service_win.cc(668)] Failed to read DnsConfig.
[1017/161606.989:WARNING:dns_config_service_win.cc(668)] Failed to read DnsConfig.
[1017/161612.019:WARNING:dns_config_service_win.cc(668)] Failed to read DnsConfig.
[1017/161617.028:WARNING:dns_config_service_win.cc(668)] Failed to read DnsConfig.
[1017/161622.056:WARNING:dns_config_service_win.cc(668)] Failed to read DnsConfig.
[1017/161627.082:WARNING:dns_config_service_win.cc(668)] Failed to read DnsConfig.
[1017/161632.117:WARNING:dns_config_service_win.cc(668)] Failed to read DnsConfig.
[1017/161637.145:WARNING:dns_config_service_win.cc(668)] Failed to read DnsConfig.
[1017/161642.160:WARNING:dns_config_service_win.cc(668)] Failed to read DnsConfig.
[1017/161647.185:WARNING:dns_config_service_win.cc(668)] Failed to read DnsConfig.
[1017/161652.204:WARNING:dns_config_service_win.cc(668)] Failed to read DnsConfig.
[1017/161657.220:WARNING:dns_config_service_win.cc(668)] Failed to read DnsConfig.
[1017/161702.243:WARNING:dns_config_service_win.cc(668)] Failed to read DnsConfig.
[1017/161707.276:WARNING:dns_config_service_win.cc(668)] Failed to read DnsConfig.
[1017/161712.301:WARNING:dns_config_service_win.cc(668)] Failed to read DnsConfig.
[1017/161717.320:WARNING:dns_config_service_win.cc(668)] Failed to read DnsConfig.
[1017/161722.343:WARNING:dns_config_service_win.cc(668)] Failed to read DnsConfig.
[1017/161727.362:WARNING:dns_config_service_win.cc(668)] Failed to read DnsConfig.
[1017/161732.375:WARNING:dns_config_service_win.cc(668)] Failed to read DnsConfig.
[1017/161737.389:WARNING:dns_config_service_win.cc(668)] Failed to read DnsConfig.
[1017/161742.418:WARNING:dns_config_service_win.cc(668)] Failed to read DnsConfig.
[1017/161747.426:WARNING:dns_config_service_win.cc(668)] Failed to read DnsConfig.
[1017/161752.439:WARNING:dns_config_service_win.cc(668)] Failed to read DnsConfig.
[1017/161757.456:WARNING:dns_config_service_win.cc(668)] Failed to read DnsConfig.
[1017/161802.480:WARNING:dns_config_service_win.cc(668)] Failed to read DnsConfig.
[1017/161807.496:WARNING:dns_config_service_win.cc(668)] Failed to read DnsConfig.
[1017/161812.524:WARNING:dns_config_service_win.cc(668)] Failed to read DnsConfig.
[1017/161817.539:WARNING:dns_config_service_win.cc(668)] Failed to read DnsConfig.
[1017/161822.556:WARNING:dns_config_service_win.cc(668)] Failed to read DnsConfig.
[1017/161827.568:WARNING:dns_config_service_win.cc(668)] Failed to read DnsConfig.
[1017/161832.587:WARNING:dns_config_service_win.cc(668)] Failed to read DnsConfig.
[1017/161837.606:WARNING:dns_config_service_win.cc(668)] Failed to read DnsConfig.
[1017/161842.624:WARNING:dns_config_service_win.cc(668)] Failed to read DnsConfig.
[1017/161847.643:WARNING:dns_config_service_win.cc(668)] Failed to read DnsConfig.
[1017/161852.657:WARNING:dns_config_service_win.cc(668)] Failed to read DnsConfig.
[1017/161857.672:WARNING:dns_config_service_win.cc(668)] Failed to read DnsConfig.
[1017/161902.707:WARNING:dns_config_service_win.cc(668)] Failed to read DnsConfig.
[1017/161907.743:WARNING:dns_config_service_win.cc(668)] Failed to read DnsConfig.
[1017/161912.764:WARNING:dns_config_service_win.cc(668)] Failed to read DnsConfig.
[1017/161917.779:WARNING:dns_config_service_win.cc(668)] Failed to read DnsConfig.
[1017/161922.806:WARNING:dns_config_service_win.cc(668)] Failed to read DnsConfig.
[1017/161927.844:WARNING:dns_config_service_win.cc(668)] Failed to read DnsConfig.
[1017/161932.865:WARNING:dns_config_service_win.cc(668)] Failed to read DnsConfig.
[1017/161937.880:WARNING:dns_config_service_win.cc(668)] Failed to read DnsConfig.
[1017/161942.903:WARNING:dns_config_service_win.cc(668)] Failed to read DnsConfig.
[1017/161947.921:WARNING:dns_config_service_win.cc(668)] Failed to read DnsConfig.
[1017/161952.946:WARNING:dns_config_service_win.cc(668)] Failed to read DnsConfig.
[1017/161957.949:WARNING:dns_config_service_win.cc(668)] Failed to read DnsConfig.
[1017/162002.975:WARNING:dns_config_service_win.cc(668)] Failed to read DnsConfig.
[1017/211458.923:INFO:CONSOLE(1)] "Long rAF frame-time", source: file:///C:/Program%20Files/Adobe/Adobe%20Photoshop%202020/Required/www-rich-tooltips/build/external.js (1)
[1017/225106.441:ERROR:media_internals.cc(112)] Cannot get RenderProcessHost
[1025/191824.507:ERROR:directory_reader_win.cc(43)] FindFirstFile: The system cannot find the path specified. (0x3)
